Object = spiceinit
  IsisVersion       = "7.0.0  | 2022-07-19"
  ProgramVersion    = 2021-08-10
  ProgramPath       = /Users/astamile/isis/ISIS3/build/bin
  ExecutionDateTime = 2022-07-20T15:19:07
  HostName          = Unknown
  UserName          = astamile
  Description       = "Update SPICE data (kernels, pointing, and position) for
                       a camera cube"

  Group = UserParameters
    FROM         = /Users/astamile/testData/ale/osirisrex/20190303T100344S990-
                   _map_iofL2pan_V001_isis.cub
    WEB          = false
    ATTACH       = TRUE
    CKSMITHED    = FALSE
    CKRECON      = TRUE
    CKPREDICTED  = FALSE
    CKNADIR      = FALSE
    SPKSMITHED   = FALSE
    SPKRECON     = TRUE
    SPKPREDICTED = FALSE
    SHAPE        = SYSTEM
    STARTPAD     = 0.0
    ENDPAD       = 0.0
    URL          = https://services.isis.astrogeology.usgs.gov/cgi-bin/spicei-
                   nit.cgi
    PORT         = 443
  End_Group

  Group = Kernels
    NaifFrameCode             = -64361
    LeapSecond                = $base/kernels/lsk/naif0012.tls
    TargetAttitudeShape       = $osirisrex/kernels/pck/bennu_v16.tpc
    TargetPosition            = ($osirisrex/kernels/tspk/de424.bsp,
                                 $osirisrex/kernels/tspk/bennu_refdrmc_v1.bsp,
                                 $osirisrex/kernels/tspk/sb-101955-76.bsp,
                                 $osirisrex/kernels/pck/pck00010.tpc)
    InstrumentPointing        = ($osirisrex/kernels/ck/orx_sc_rel_190225_1903-
                                 03_v01.bc, $osirisrex/kernels/fk/orx_v14.tf)
    Instrument                = ($osirisrex/kernels/ik/orx_ocams_v07.ti,
                                 $osirisrex/kernels/fk/orx_struct_mapcam_v01.b-
                                 c)
    SpacecraftClock           = $osirisrex/kernels/sclk/orx_sclkscet_00065.tsc
    InstrumentPosition        = $osirisrex/kernels/spk/orx_190301_190424_1904-
                                12_od125_v1.bsp
    InstrumentAddendum        = $osirisrex/kernels/iak/orex_ocams_addendum_v1-
                                0.ti
    ShapeModel                = Null
    InstrumentPositionQuality = Reconstructed
    InstrumentPointingQuality = Reconstructed
    CameraVersion             = 1
    Source                    = isis
  End_Group

  Group = Accounting
    ConnectTime = 00:00:51.1
    CpuTime     = 00:00:02.4
  End_Group
End_Object


